Build started 2013-05-03 17:36:26.
     1>Project "C:\Users\Bartek\Desktop\ODBC\ODBC\ODBC.vcxproj" on node 2 (build target(s)).
     1>InitializeBuildStatus:
         Touching "Debug\ODBC.unsuccessfulbuild".
       ClCompile:
         All outputs are up-to-date.
         c:\Program Files\Microsoft Visual Studio 10.0\VC\bin\CL.exe /c /ZI /nologo /W3 /WX- /Od /Oy- /D WIN32 /D _DEBUG /D _CONSOLE /D _UNICODE /D UNICODE /Gm /EHsc /RTC1 /MDd /GS /fp:precise /Zc:wchar_t /Zc:forScope /Yu"StdAfx.h" /Fp"Debug\ODBC.pch" /Fo"Debug\\" /Fd"Debug\vc100.pdb" /Gd /TP /analyze- /errorReport:prompt Coupler.cpp
         Coupler.cpp
       ManifestResourceCompile:
         All outputs are up-to-date.
       Link:
         c:\Program Files\Microsoft Visual Studio 10.0\VC\bin\link.exe /ERRORREPORT:PROMPT /OUT:"C:\Users\Bartek\Desktop\ODBC\Debug\ODBC.exe" /INCREMENTAL /NOLOGO kernel32.lib user32.lib gdi32.lib winspool.lib comdlg32.lib advapi32.lib shell32.lib ole32.lib oleaut32.lib uuid.lib odbc32.lib odbccp32.lib /MANIFEST /ManifestFile:"Debug\ODBC.exe.intermediate.manifest" /MANIFESTUAC:"level='asInvoker' uiAccess='false'" /DEBUG /PDB:"C:\Users\Bartek\Desktop\ODBC\Debug\ODBC.pdb" /SUBSYSTEM:CONSOLE /TLBID:1 /DYNAMICBASE /NXCOMPAT /IMPLIB:"C:\Users\Bartek\Desktop\ODBC\Debug\ODBC.lib" /MACHINE:X86 Debug\ODBC.exe.embed.manifest.res
         Debug\API.obj
         Debug\ConnectionManager.obj
         Debug\Coupler.obj
         Debug\Crypter.obj
         Debug\DatabaseConnector.obj
         Debug\DatabaseController.obj
         Debug\ODBC.obj
         Debug\Serializer.obj
         Debug\stdafx.obj
         Debug\Transporter.obj
       Manifest:
         C:\Program Files\Microsoft SDKs\Windows\v7.0A\bin\mt.exe /nologo /verbose /out:"Debug\ODBC.exe.embed.manifest" /manifest Debug\ODBC.exe.intermediate.manifest
         All outputs are up-to-date.
       LinkEmbedManifest:
         All outputs are up-to-date.
         ODBC.vcxproj -> C:\Users\Bartek\Desktop\ODBC\Debug\ODBC.exe
       FinalizeBuildStatus:
         Deleting file "Debug\ODBC.unsuccessfulbuild".
         Touching "Debug\ODBC.lastbuildstate".
     1>Done Building Project "C:\Users\Bartek\Desktop\ODBC\ODBC\ODBC.vcxproj" (build target(s)).

Build succeeded.

Time Elapsed 00:00:00.93
