Build started 2013-05-12 10:02:06.
     1>Project "C:\Users\Bartek\Desktop\ODBC_SERWER\ODBC_SERWER\ODBC_SERWER.vcxproj" on node 2 (Build target(s)).
     1>InitializeBuildStatus:
         Creating "Debug\ODBC_SERWER.unsuccessfulbuild" because "AlwaysCreate" was specified.
       ClCompile:
         C:\Program Files\Microsoft Visual Studio 11.0\VC\bin\CL.exe /c /IC:\mysql\include /ZI /nologo /W3 /WX- /Od /Oy- /D _MBCS /Gm /EHsc /RTC1 /MDd /GS /fp:precise /Zc:wchar_t /Zc:forScope /Fo"Debug\\" /Fd"Debug\vc110.pdb" /Gd /TP /analyze- /errorReport:prompt SCoupler.cpp
         SCoupler.cpp
     1>c:\users\bartek\desktop\odbc_serwer\odbc_serwer\scoupler.cpp(10): warning C4244: '=' : conversion from 'float' to 'long', possible loss of data
     1>c:\users\bartek\desktop\odbc_serwer\odbc_serwer\scoupler.cpp(107): warning C4715: 'SCoupler::waitForMessage' : not all control paths return a value
       ResourceCompile:
         All outputs are up-to-date.
       Link:
         C:\Program Files\Microsoft Visual Studio 11.0\VC\bin\link.exe /ERRORREPORT:PROMPT /OUT:"C:\Users\Bartek\Desktop\ODBC_SERWER\Debug\ODBC_SERWER.exe" /INCREMENTAL /NOLOGO odbc32.lib odbccp32.lib Wsock32.lib mysqlcppconn.lib kernel32.lib user32.lib gdi32.lib winspool.lib comdlg32.lib advapi32.lib shell32.lib ole32.lib oleaut32.lib uuid.lib odbc32.lib odbccp32.lib /MANIFEST /MANIFESTUAC:"level='asInvoker' uiAccess='false'" /manifest:embed /DEBUG /PDB:"C:\Users\Bartek\Desktop\ODBC_SERWER\Debug\ODBC_SERWER.pdb" /TLBID:1 /DYNAMICBASE /NXCOMPAT /IMPLIB:"C:\Users\Bartek\Desktop\ODBC_SERWER\Debug\ODBC_SERWER.lib" /MACHINE:X86 Debug\ODBC_SERWER.res
         Debug\Crypter.obj
         Debug\DBConnector.obj
         Debug\main.obj
         Debug\Md5.obj
         Debug\SCoupler.obj
         Debug\Transporter.obj
         ODBC_SERWER.vcxproj -> C:\Users\Bartek\Desktop\ODBC_SERWER\Debug\ODBC_SERWER.exe
       FinalizeBuildStatus:
         Deleting file "Debug\ODBC_SERWER.unsuccessfulbuild".
         Touching "Debug\ODBC_SERWER.lastbuildstate".
     1>Done Building Project "C:\Users\Bartek\Desktop\ODBC_SERWER\ODBC_SERWER\ODBC_SERWER.vcxproj" (Build target(s)).

Build succeeded.

Time Elapsed 00:00:05.45
