Build started 2013-05-23 20:11:46.
     1>Project "D:\Studia\TIN\ODBC_SERWER-AK\ODBC_SERWER\ODBC_SERWER.vcxproj" on node 2 (Build target(s)).
     1>InitializeBuildStatus:
         Touching "Debug\ODBC_SERWER.unsuccessfulbuild".
       ClCompile:
         D:\Microsoft Visual Studio 11.0\VC\bin\CL.exe /c /I"C:\Users\Bartek\Desktop\Boost\include\boost-1_51" /IC:\mysql\include /ZI /nologo /W3 /WX- /Od /Oy- /D _MBCS /Gm /EHsc /RTC1 /MDd /GS /fp:precise /Zc:wchar_t /Zc:forScope /Fo"Debug\\" /Fd"Debug\vc110.pdb" /Gd /TP /analyze- /errorReport:prompt SCoupler.cpp
         SCoupler.cpp
     1>d:\studia\tin\odbc_serwer-ak\odbc_serwer\scoupler.cpp(10): warning C4244: '=' : conversion from 'float' to 'long', possible loss of data
       ResourceCompile:
         C:\Program Files (x86)\Windows Kits\8.0\bin\x86\rc.exe /l"0x0409" /nologo /fo"Debug\ODBC_SERWER.res" ODBC_SERWER.rc 
       Link:
         D:\Microsoft Visual Studio 11.0\VC\bin\link.exe /ERRORREPORT:PROMPT /OUT:"D:\Studia\TIN\ODBC_SERWER-AK\Debug\ODBC_SERWER.exe" /INCREMENTAL /NOLOGO odbc32.lib odbccp32.lib Wsock32.lib mysqlcppconn.lib kernel32.lib user32.lib gdi32.lib winspool.lib comdlg32.lib advapi32.lib shell32.lib ole32.lib oleaut32.lib uuid.lib odbc32.lib odbccp32.lib /MANIFEST /MANIFESTUAC:"level='asInvoker' uiAccess='false'" /manifest:embed /DEBUG /PDB:"D:\Studia\TIN\ODBC_SERWER-AK\Debug\ODBC_SERWER.pdb" /TLBID:1 /DYNAMICBASE /NXCOMPAT /IMPLIB:"D:\Studia\TIN\ODBC_SERWER-AK\Debug\ODBC_SERWER.lib" /MACHINE:X86 Debug\ODBC_SERWER.res
         Debug\Crypter.obj
         Debug\DBConnector.obj
         Debug\main.obj
         Debug\Md5.obj
         Debug\SCoupler.obj
         Debug\Transporter.obj
         ODBC_SERWER.vcxproj -> D:\Studia\TIN\ODBC_SERWER-AK\Debug\ODBC_SERWER.exe
       FinalizeBuildStatus:
         Deleting file "Debug\ODBC_SERWER.unsuccessfulbuild".
         Touching "Debug\ODBC_SERWER.lastbuildstate".
     1>Done Building Project "D:\Studia\TIN\ODBC_SERWER-AK\ODBC_SERWER\ODBC_SERWER.vcxproj" (Build target(s)).

Build succeeded.

Time Elapsed 00:00:04.35
